<?xml version="1.0" encoding="UTF-8"?>
<!-- Generated by org.testng.reporters.JUnitReportReporter -->
<testsuite hostname="LAPTOP-ML2SKBKT" failures="0" tests="1" name="cucumber.Options.TestNGRunner" time="5.362" errors="0" timestamp="2022-07-06T06:42:30 IST" skipped="0">
  <testcase classname="cucumber.Options.TestNGRunner" name="runScenario" time="5.362"/>
  <system-out/>
</testsuite> <!-- cucumber.Options.TestNGRunner -->
